<?xml version="1.0" encoding="UTF-8"?>
<!-- Generated by org.testng.reporters.JUnitReportReporter -->
<testsuite hostname="TRNROOM10-29" name="com.qa.amazon.tests.LoginPageTest" tests="2" failures="2" timestamp="20 Sep 2019 14:55:58 GMT" time="22.556" errors="0">
  <testcase name="assertionsAndVerifyKindleTest1" time="11.962" classname="com.qa.amazon.tests.LoginPageTest">
    <failure type="java.lang.Exception" message="Element Not found">
      <![CDATA[java.lang.Exception: Element Not found
	at com.qa.amazon.pages.LoginPage.verifyKindleElement(LoginPage.java:52)
	at com.qa.amazon.tests.LoginPageTest.assertionsAndVerifyKindleTest1(LoginPageTest.java:19)
	at sun.reflect.NativeMethodAccessorImpl.invoke0(Native Method)
	at sun.reflect.NativeMethodAccessorImpl.invoke(NativeMethodAccessorImpl.java:62)
	at sun.reflect.DelegatingMethodAccessorImpl.invoke(DelegatingMethodAccessorImpl.java:43)
	at java.lang.reflect.Method.invoke(Method.java:497)
	at org.testng.internal.MethodInvocationHelper.invokeMethod(MethodInvocationHelper.java:80)
	at org.testng.internal.Invoker.invokeMethod(Invoker.java:714)
	at org.testng.internal.Invoker.invokeTestMethod(Invoker.java:901)
	at org.testng.internal.Invoker.invokeTestMethods(Invoker.java:1231)
	at org.testng.internal.TestMethodWorker.invokeTestMethods(TestMethodWorker.java:127)
	at org.testng.internal.TestMethodWorker.run(TestMethodWorker.java:111)
	at org.testng.TestRunner.privateRun(TestRunner.java:767)
	at org.testng.TestRunner.run(TestRunner.java:617)
	at org.testng.SuiteRunner.runTest(SuiteRunner.java:334)
	at org.testng.SuiteRunner.runSequentially(SuiteRunner.java:329)
	at org.testng.SuiteRunner.privateRun(SuiteRunner.java:291)
	at org.testng.SuiteRunner.run(SuiteRunner.java:240)
	at org.testng.SuiteRunnerWorker.runSuite(SuiteRunnerWorker.java:52)
	at org.testng.SuiteRunnerWorker.run(SuiteRunnerWorker.java:86)
	at org.testng.TestNG.runSuitesSequentially(TestNG.java:1198)
	at org.testng.TestNG.runSuitesLocally(TestNG.java:1123)
	at org.testng.TestNG.run(TestNG.java:1031)
	at org.testng.remote.AbstractRemoteTestNG.run(AbstractRemoteTestNG.java:114)
	at org.testng.remote.RemoteTestNG.initAndRun(RemoteTestNG.java:251)
	at org.testng.remote.RemoteTestNG.main(RemoteTestNG.java:77)
]]>
    </failure>
  </testcase> <!-- assertionsAndVerifyKindleTest1 -->
  <testcase name="assertionsAndVerifyKindleTest" time="10.594" classname="com.qa.amazon.tests.LoginPageTest">
    <failure type="org.openqa.selenium.TimeoutException" message="Timed out after 10 seconds waiting for element to be clickable: By.xpath: //android.view.View[contains(@text, &#039;Kindle E-Readers &amp; eBooks&#039;)]
Build info: version: &#039;2.53.0&#039;, revision: &#039;35ae25b1534ae328c771e0856c93e187490ca824&#039;, time: &#039;2016-03-15 10:43:46&#039;
System info: host: &#039;TRNROOM10-29&#039;, ip: &#039;172.20.226.252&#039;, os.name: &#039;Windows 8.1&#039;, os.arch: &#039;amd64&#039;, os.version: &#039;6.3&#039;, java.version: &#039;1.8.0_60&#039;
Driver info: io.appium.java_client.android.AndroidDriver
Capabilities [{appPackage=in.amazon.mShop.android.shopping, statBarHeight=63, viewportRect={top=63, left=0, width=1080, height=1731}, deviceName=emulator-5554, platform=LINUX, deviceUDID=emulator-5554, desired={appPackage=in.amazon.mShop.android.shopping, appActivity=com.amazon.mShop.home.HomeActivity, app=C:\Testp\PageObjectModelWithJavaGenerics-master\src\test\resources\Apks\Amazon.apk, platformVersion=9, automationName=UiAutomator2, platformName=Android, udid=emulator-5554, deviceName=emulator-5556}, platformVersion=9, webStorageEnabled=false, automationName=UiAutomator2, takesScreenshot=true, javascriptEnabled=true, platformName=Android, udid=emulator-5554, deviceApiLevel=28, deviceManufacturer=Google, app=C:\Testp\PageObjectModelWithJavaGenerics-master\src\test\resources\Apks\Amazon.apk, deviceScreenSize=1080x1920, networkConnectionEnabled=true, warnings={}, databaseEnabled=false, appActivity=com.amazon.mShop.home.HomeActivity, pixelRatio=2.625, locationContextEnabled=false, deviceScreenDensity=420, deviceModel=Android SDK built for x86}]
Session ID: 8dc06163-77ef-4df2-b442-be6fe03d2939">
      <![CDATA[org.openqa.selenium.TimeoutException: Timed out after 10 seconds waiting for element to be clickable: By.xpath: //android.view.View[contains(@text, 'Kindle E-Readers & eBooks')]
Build info: version: '2.53.0', revision: '35ae25b1534ae328c771e0856c93e187490ca824', time: '2016-03-15 10:43:46'
System info: host: 'TRNROOM10-29', ip: '172.20.226.252', os.name: 'Windows 8.1', os.arch: 'amd64', os.version: '6.3', java.version: '1.8.0_60'
Driver info: io.appium.java_client.android.AndroidDriver
Capabilities [{appPackage=in.amazon.mShop.android.shopping, statBarHeight=63, viewportRect={top=63, left=0, width=1080, height=1731}, deviceName=emulator-5554, platform=LINUX, deviceUDID=emulator-5554, desired={appPackage=in.amazon.mShop.android.shopping, appActivity=com.amazon.mShop.home.HomeActivity, app=C:\Testp\PageObjectModelWithJavaGenerics-master\src\test\resources\Apks\Amazon.apk, platformVersion=9, automationName=UiAutomator2, platformName=Android, udid=emulator-5554, deviceName=emulator-5556}, platformVersion=9, webStorageEnabled=false, automationName=UiAutomator2, takesScreenshot=true, javascriptEnabled=true, platformName=Android, udid=emulator-5554, deviceApiLevel=28, deviceManufacturer=Google, app=C:\Testp\PageObjectModelWithJavaGenerics-master\src\test\resources\Apks\Amazon.apk, deviceScreenSize=1080x1920, networkConnectionEnabled=true, warnings={}, databaseEnabled=false, appActivity=com.amazon.mShop.home.HomeActivity, pixelRatio=2.625, locationContextEnabled=false, deviceScreenDensity=420, deviceModel=Android SDK built for x86}]
Session ID: 8dc06163-77ef-4df2-b442-be6fe03d2939
	at org.openqa.selenium.support.ui.WebDriverWait.timeoutException(WebDriverWait.java:80)
	at org.openqa.selenium.support.ui.FluentWait.until(FluentWait.java:261)
	at com.qa.amazon.pages.BasePage.doClick(BasePage.java:18)
	at com.qa.amazon.pages.LoginPage.clickKindle(LoginPage.java:44)
	at com.qa.amazon.tests.LoginPageTest.assertionsAndVerifyKindleTest(LoginPageTest.java:14)
	at sun.reflect.NativeMethodAccessorImpl.invoke0(Native Method)
	at sun.reflect.NativeMethodAccessorImpl.invoke(NativeMethodAccessorImpl.java:62)
	at sun.reflect.DelegatingMethodAccessorImpl.invoke(DelegatingMethodAccessorImpl.java:43)
	at java.lang.reflect.Method.invoke(Method.java:497)
	at org.testng.internal.MethodInvocationHelper.invokeMethod(MethodInvocationHelper.java:80)
	at org.testng.internal.Invoker.invokeMethod(Invoker.java:714)
	at org.testng.internal.Invoker.invokeTestMethod(Invoker.java:901)
	at org.testng.internal.Invoker.invokeTestMethods(Invoker.java:1231)
	at org.testng.internal.TestMethodWorker.invokeTestMethods(TestMethodWorker.java:127)
	at org.testng.internal.TestMethodWorker.run(TestMethodWorker.java:111)
	at org.testng.TestRunner.privateRun(TestRunner.java:767)
	at org.testng.TestRunner.run(TestRunner.java:617)
	at org.testng.SuiteRunner.runTest(SuiteRunner.java:334)
	at org.testng.SuiteRunner.runSequentially(SuiteRunner.java:329)
	at org.testng.SuiteRunner.privateRun(SuiteRunner.java:291)
	at org.testng.SuiteRunner.run(SuiteRunner.java:240)
	at org.testng.SuiteRunnerWorker.runSuite(SuiteRunnerWorker.java:52)
	at org.testng.SuiteRunnerWorker.run(SuiteRunnerWorker.java:86)
	at org.testng.TestNG.runSuitesSequentially(TestNG.java:1198)
	at org.testng.TestNG.runSuitesLocally(TestNG.java:1123)
	at org.testng.TestNG.run(TestNG.java:1031)
	at org.testng.remote.AbstractRemoteTestNG.run(AbstractRemoteTestNG.java:114)
	at org.testng.remote.RemoteTestNG.initAndRun(RemoteTestNG.java:251)
	at org.testng.remote.RemoteTestNG.main(RemoteTestNG.java:77)
Caused by: org.openqa.selenium.NoSuchElementException: An element could not be located on the page using the given search parameters. (WARNING: The server did not provide any stacktrace information)
Command duration or timeout: 4.88 seconds
For documentation on this error, please visit: http://seleniumhq.org/exceptions/no_such_element.html
Build info: version: '2.53.0', revision: '35ae25b1534ae328c771e0856c93e187490ca824', time: '2016-03-15 10:43:46'
System info: host: 'TRNROOM10-29', ip: '172.20.226.252', os.name: 'Windows 8.1', os.arch: 'amd64', os.version: '6.3', java.version: '1.8.0_60'
Driver info: io.appium.java_client.android.AndroidDriver
Capabilities [{appPackage=in.amazon.mShop.android.shopping, statBarHeight=63, viewportRect={top=63, left=0, width=1080, height=1731}, deviceName=emulator-5554, platform=LINUX, deviceUDID=emulator-5554, desired={appPackage=in.amazon.mShop.android.shopping, appActivity=com.amazon.mShop.home.HomeActivity, app=C:\Testp\PageObjectModelWithJavaGenerics-master\src\test\resources\Apks\Amazon.apk, platformVersion=9, automationName=UiAutomator2, platformName=Android, udid=emulator-5554, deviceName=emulator-5556}, platformVersion=9, webStorageEnabled=false, automationName=UiAutomator2, takesScreenshot=true, javascriptEnabled=true, platformName=Android, udid=emulator-5554, deviceApiLevel=28, deviceManufacturer=Google, app=C:\Testp\PageObjectModelWithJavaGenerics-master\src\test\resources\Apks\Amazon.apk, deviceScreenSize=1080x1920, networkConnectionEnabled=true, warnings={}, databaseEnabled=false, appActivity=com.amazon.mShop.home.HomeActivity, pixelRatio=2.625, locationContextEnabled=false, deviceScreenDensity=420, deviceModel=Android SDK built for x86}]
Session ID: 8dc06163-77ef-4df2-b442-be6fe03d2939
*** Element info: {Using=xpath, value=//android.view.View[contains(@text, 'Kindle E-Readers & eBooks')]}
	at sun.reflect.NativeConstructorAccessorImpl.newInstance0(Native Method)
	at sun.reflect.NativeConstructorAccessorImpl.newInstance(NativeConstructorAccessorImpl.java:62)
	at sun.reflect.DelegatingConstructorAccessorImpl.newInstance(DelegatingConstructorAccessorImpl.java:45)
	at java.lang.reflect.Constructor.newInstance(Constructor.java:422)
	at org.openqa.selenium.remote.ErrorHandler.createThrowable(ErrorHandler.java:206)
	at org.openqa.selenium.remote.ErrorHandler.throwIfResponseFailed(ErrorHandler.java:158)
	at org.openqa.selenium.remote.RemoteWebDriver.execute(RemoteWebDriver.java:678)
	at io.appium.java_client.DefaultGenericMobileDriver.execute(DefaultGenericMobileDriver.java:43)
	at io.appium.java_client.AppiumDriver.execute(AppiumDriver.java:1)
	at io.appium.java_client.android.AndroidDriver.execute(AndroidDriver.java:1)
	at org.openqa.selenium.remote.RemoteWebDriver.findElement(RemoteWebDriver.java:363)
	at org.openqa.selenium.remote.RemoteWebDriver.findElementByXPath(RemoteWebDriver.java:500)
	at io.appium.java_client.DefaultGenericMobileDriver.findElementByXPath(DefaultGenericMobileDriver.java:129)
	at io.appium.java_client.AppiumDriver.findElementByXPath(AppiumDriver.java:1)
	at io.appium.java_client.android.AndroidDriver.findElementByXPath(AndroidDriver.java:1)
	at org.openqa.selenium.By$ByXPath.findElement(By.java:361)
	at org.openqa.selenium.remote.RemoteWebDriver.findElement(RemoteWebDriver.java:355)
	at io.appium.java_client.DefaultGenericMobileDriver.findElement(DefaultGenericMobileDriver.java:51)
	at io.appium.java_client.AppiumDriver.findElement(AppiumDriver.java:1)
	at io.appium.java_client.android.AndroidDriver.findElement(AndroidDriver.java:1)
	at org.openqa.selenium.support.ui.ExpectedConditions.findElement(ExpectedConditions.java:899)
	at org.openqa.selenium.support.ui.ExpectedConditions.access$000(ExpectedConditions.java:41)
	at org.openqa.selenium.support.ui.ExpectedConditions$7.apply(ExpectedConditions.java:205)
	at org.openqa.selenium.support.ui.ExpectedConditions$7.apply(ExpectedConditions.java:201)
	at org.openqa.selenium.support.ui.ExpectedConditions$22.apply(ExpectedConditions.java:653)
	at org.openqa.selenium.support.ui.ExpectedConditions$22.apply(ExpectedConditions.java:646)
	at org.openqa.selenium.support.ui.FluentWait.until(FluentWait.java:238)
	... 27 more
]]>
    </failure>
  </testcase> <!-- assertionsAndVerifyKindleTest -->
</testsuite> <!-- com.qa.amazon.tests.LoginPageTest -->
