<?xml version="1.0" encoding="UTF-8"?>
<!-- Generated by org.testng.reporters.JUnitXMLReporter -->
<testsuite hostname="TRNROOM10-29" name="Test3" tests="2" failures="0" timestamp="20 Sep 2019 15:42:45 GMT" time="16.573" errors="0">
  <testcase name="@BeforeTest setup" time="0.0" classname="com.qa.amazon.tests.VerifyKindleTest">
    <failure type="org.openqa.selenium.WebDriverException" message="An unknown server-side error occurred while processing the command. Original error: Could not sign with default certificate. Original error Command &amp;apos;&amp;apos;C:\\Program Files\\Java\\jdk1.8.0_60\\bin\\java.exe&amp;apos; -jar &amp;apos;C:\\Program Files\\Appium\\resources\\app\\node_modules\\appium\\node_modules\\appium-adb\\jars\\sign.jar&amp;apos; &amp;apos;C:\\Program Files\\Appium\\resources\\app\\node_modules\\appium\\node_modules\\appium-uiautomator2-server\\apks\\appium-uiautomator2-server-debug-androidTest.apk&amp;apos; --override&amp;apos; exited with code 1 (WARNING: The server did not provide any stacktrace information)
Command duration or timeout: 16.03 seconds
Build info: version: &amp;apos;2.53.0&amp;apos;, revision: &amp;apos;35ae25b1534ae328c771e0856c93e187490ca824&amp;apos;, time: &amp;apos;2016-03-15 10:43:46&amp;apos;
System info: host: &amp;apos;TRNROOM10-29&amp;apos;, ip: &amp;apos;172.20.226.252&amp;apos;, os.name: &amp;apos;Windows 8.1&amp;apos;, os.arch: &amp;apos;amd64&amp;apos;, os.version: &amp;apos;6.3&amp;apos;, java.version: &amp;apos;1.8.0_60&amp;apos;
Driver info: io.appium.java_client.android.AndroidDriver">
      <![CDATA[org.openqa.selenium.WebDriverException: An unknown server-side error occurred while processing the command. Original error: Could not sign with default certificate. Original error Command ''C:\\Program Files\\Java\\jdk1.8.0_60\\bin\\java.exe' -jar 'C:\\Program Files\\Appium\\resources\\app\\node_modules\\appium\\node_modules\\appium-adb\\jars\\sign.jar' 'C:\\Program Files\\Appium\\resources\\app\\node_modules\\appium\\node_modules\\appium-uiautomator2-server\\apks\\appium-uiautomator2-server-debug-androidTest.apk' --override' exited with code 1 (WARNING: The server did not provide any stacktrace information)
Command duration or timeout: 16.03 seconds
Build info: version: '2.53.0', revision: '35ae25b1534ae328c771e0856c93e187490ca824', time: '2016-03-15 10:43:46'
System info: host: 'TRNROOM10-29', ip: '172.20.226.252', os.name: 'Windows 8.1', os.arch: 'amd64', os.version: '6.3', java.version: '1.8.0_60'
Driver info: io.appium.java_client.android.AndroidDriver
	at org.openqa.selenium.remote.ErrorHandler.createThrowable(ErrorHandler.java:206)
	at org.openqa.selenium.remote.ErrorHandler.throwIfResponseFailed(ErrorHandler.java:158)
	at org.openqa.selenium.remote.RemoteWebDriver.execute(RemoteWebDriver.java:678)
	at io.appium.java_client.DefaultGenericMobileDriver.execute(DefaultGenericMobileDriver.java:43)
	at io.appium.java_client.AppiumDriver.execute(AppiumDriver.java:1)
	at io.appium.java_client.android.AndroidDriver.execute(AndroidDriver.java:1)
	at org.openqa.selenium.remote.RemoteWebDriver.startSession(RemoteWebDriver.java:249)
	at org.openqa.selenium.remote.RemoteWebDriver.<init>(RemoteWebDriver.java:131)
	at org.openqa.selenium.remote.RemoteWebDriver.<init>(RemoteWebDriver.java:144)
	at io.appium.java_client.DefaultGenericMobileDriver.<init>(DefaultGenericMobileDriver.java:39)
	at io.appium.java_client.AppiumDriver.<init>(AppiumDriver.java:69)
	at io.appium.java_client.AppiumDriver.<init>(AppiumDriver.java:78)
	at io.appium.java_client.android.AndroidDriver.<init>(AndroidDriver.java:67)
	at com.qa.amazon.tests.BaseTest.setup(BaseTest.java:41)
	at java.util.concurrent.FutureTask.run(FutureTask.java:266)
	at java.util.concurrent.ThreadPoolExecutor.runWorker(ThreadPoolExecutor.java:1142)
	at java.util.concurrent.ThreadPoolExecutor$Worker.run(ThreadPoolExecutor.java:617)
	at java.lang.Thread.run(Thread.java:745)
... Removed 18 stack frames]]>
    </failure>
  </testcase> <!-- @BeforeTest setup -->
  <testcase name="@AfterTest tearDown" time="0.0" classname="com.qa.amazon.tests.VerifyKindleTest">
    <skipped/>
  </testcase> <!-- @AfterTest tearDown -->
  <testcase name="shopByCategoryclickTest" time="0.002" classname="com.qa.amazon.tests.VerifyKindleTest">
    <skipped/>
  </testcase> <!-- shopByCategoryclickTest -->
  <testcase name="verifyKindleTest" time="0.001" classname="com.qa.amazon.tests.VerifyKindleTest">
    <skipped/>
  </testcase> <!-- verifyKindleTest -->
</testsuite> <!-- Test3 -->
